<?xml version="1.0" encoding="UTF-8"?>
<testsuite xmlns:xsi="http://www.w3.org/2001/XMLSchema-instance" xsi:noNamespaceSchemaLocation="https://maven.apache.org/surefire/maven-surefire-plugin/xsd/surefire-test-report-3.0.xsd" version="3.0" name="com.googledrive.usersystem.UsersystemApplicationTests" time="8.624" tests="1" errors="0" skipped="0" failures="0">
  <properties>
    <property name="java.specification.version" value="17"/>
    <property name="sun.jnu.encoding" value="UTF-8"/>
    <property name="java.class.path" value="/home/lokeshnelapati12/UserSystem/usersystem/target/test-classes:/home/lokeshnelapati12/UserSystem/usersystem/target/classes:/home/lokeshnelapati12/.m2/repository/org/springframework/boot/spring-boot-starter-actuator/3.1.2/spring-boot-starter-actuator-3.1.2.jar:/home/lokeshnelapati12/.m2/repository/org/springframework/boot/spring-boot-starter/3.1.2/spring-boot-starter-3.1.2.jar:/home/lokeshnelapati12/.m2/repository/org/springframework/boot/spring-boot/3.1.2/spring-boot-3.1.2.jar:/home/lokeshnelapati12/.m2/repository/org/springframework/boot/spring-boot-autoconfigure/3.1.2/spring-boot-autoconfigure-3.1.2.jar:/home/lokeshnelapati12/.m2/repository/org/springframework/boot/spring-boot-starter-logging/3.1.2/spring-boot-starter-logging-3.1.2.jar:/home/lokeshnelapati12/.m2/repository/ch/qos/logback/logback-classic/1.4.8/logback-classic-1.4.8.jar:/home/lokeshnelapati12/.m2/repository/ch/qos/logback/logback-core/1.4.8/logback-core-1.4.8.jar:/home/lokeshnelapati12/.m2/repository/org/apache/logging/log4j/log4j-to-slf4j/2.20.0/log4j-to-slf4j-2.20.0.jar:/home/lokeshnelapati12/.m2/repository/org/apache/logging/log4j/log4j-api/2.20.0/log4j-api-2.20.0.jar:/home/lokeshnelapati12/.m2/repository/org/slf4j/jul-to-slf4j/2.0.7/jul-to-slf4j-2.0.7.jar:/home/lokeshnelapati12/.m2/repository/jakarta/annotation/jakarta.annotation-api/2.1.1/jakarta.annotation-api-2.1.1.jar:/home/lokeshnelapati12/.m2/repository/org/yaml/snakeyaml/1.33/snakeyaml-1.33.jar:/home/lokeshnelapati12/.m2/repository/org/springframework/boot/spring-boot-actuator-autoconfigure/3.1.2/spring-boot-actuator-autoconfigure-3.1.2.jar:/home/lokeshnelapati12/.m2/repository/org/springframework/boot/spring-boot-actuator/3.1.2/spring-boot-actuator-3.1.2.jar:/home/lokeshnelapati12/.m2/repository/com/fasterxml/jackson/core/jackson-databind/2.15.2/jackson-databind-2.15.2.jar:/home/lokeshnelapati12/.m2/repository/com/fasterxml/jackson/core/jackson-annotations/2.15.2/jackson-annotations-2.15.2.jar:/home/lokeshnelapati12/.m2/repository/com/fasterxml/jackson/core/jackson-core/2.15.2/jackson-core-2.15.2.jar:/home/lokeshnelapati12/.m2/repository/com/fasterxml/jackson/datatype/jackson-datatype-jsr310/2.15.2/jackson-datatype-jsr310-2.15.2.jar:/home/lokeshnelapati12/.m2/repository/io/micrometer/micrometer-observation/1.11.2/micrometer-observation-1.11.2.jar:/home/lokeshnelapati12/.m2/repository/io/micrometer/micrometer-commons/1.11.2/micrometer-commons-1.11.2.jar:/home/lokeshnelapati12/.m2/repository/io/micrometer/micrometer-core/1.11.2/micrometer-core-1.11.2.jar:/home/lokeshnelapati12/.m2/repository/org/hdrhistogram/HdrHistogram/2.1.12/HdrHistogram-2.1.12.jar:/home/lokeshnelapati12/.m2/repository/org/latencyutils/LatencyUtils/2.0.3/LatencyUtils-2.0.3.jar:/home/lokeshnelapati12/.m2/repository/org/springframework/boot/spring-boot-starter-web/3.1.2/spring-boot-starter-web-3.1.2.jar:/home/lokeshnelapati12/.m2/repository/org/springframework/boot/spring-boot-starter-json/3.1.2/spring-boot-starter-json-3.1.2.jar:/home/lokeshnelapati12/.m2/repository/com/fasterxml/jackson/datatype/jackson-datatype-jdk8/2.15.2/jackson-datatype-jdk8-2.15.2.jar:/home/lokeshnelapati12/.m2/repository/com/fasterxml/jackson/module/jackson-module-parameter-names/2.15.2/jackson-module-parameter-names-2.15.2.jar:/home/lokeshnelapati12/.m2/repository/org/springframework/boot/spring-boot-starter-tomcat/3.1.2/spring-boot-starter-tomcat-3.1.2.jar:/home/lokeshnelapati12/.m2/repository/org/apache/tomcat/embed/tomcat-embed-core/10.1.11/tomcat-embed-core-10.1.11.jar:/home/lokeshnelapati12/.m2/repository/org/apache/tomcat/embed/tomcat-embed-el/10.1.11/tomcat-embed-el-10.1.11.jar:/home/lokeshnelapati12/.m2/repository/org/apache/tomcat/embed/tomcat-embed-websocket/10.1.11/tomcat-embed-websocket-10.1.11.jar:/home/lokeshnelapati12/.m2/repository/org/springframework/spring-web/6.0.11/spring-web-6.0.11.jar:/home/lokeshnelapati12/.m2/repository/org/springframework/spring-beans/6.0.11/spring-beans-6.0.11.jar:/home/lokeshnelapati12/.m2/repository/org/springframework/spring-webmvc/6.0.11/spring-webmvc-6.0.11.jar:/home/lokeshnelapati12/.m2/repository/org/springframework/spring-aop/6.0.11/spring-aop-6.0.11.jar:/home/lokeshnelapati12/.m2/repository/org/springframework/spring-context/6.0.11/spring-context-6.0.11.jar:/home/lokeshnelapati12/.m2/repository/org/springframework/spring-expression/6.0.11/spring-expression-6.0.11.jar:/home/lokeshnelapati12/.m2/repository/org/springframework/boot/spring-boot-starter-test/3.1.2/spring-boot-starter-test-3.1.2.jar:/home/lokeshnelapati12/.m2/repository/org/springframework/boot/spring-boot-test/3.1.2/spring-boot-test-3.1.2.jar:/home/lokeshnelapati12/.m2/repository/org/springframework/boot/spring-boot-test-autoconfigure/3.1.2/spring-boot-test-autoconfigure-3.1.2.jar:/home/lokeshnelapati12/.m2/repository/com/jayway/jsonpath/json-path/2.8.0/json-path-2.8.0.jar:/home/lokeshnelapati12/.m2/repository/jakarta/xml/bind/jakarta.xml.bind-api/4.0.0/jakarta.xml.bind-api-4.0.0.jar:/home/lokeshnelapati12/.m2/repository/jakarta/activation/jakarta.activation-api/2.1.2/jakarta.activation-api-2.1.2.jar:/home/lokeshnelapati12/.m2/repository/net/minidev/json-smart/2.4.11/json-smart-2.4.11.jar:/home/lokeshnelapati12/.m2/repository/net/minidev/accessors-smart/2.4.11/accessors-smart-2.4.11.jar:/home/lokeshnelapati12/.m2/repository/org/ow2/asm/asm/9.3/asm-9.3.jar:/home/lokeshnelapati12/.m2/repository/org/assertj/assertj-core/3.24.2/assertj-core-3.24.2.jar:/home/lokeshnelapati12/.m2/repository/net/bytebuddy/byte-buddy/1.14.5/byte-buddy-1.14.5.jar:/home/lokeshnelapati12/.m2/repository/org/hamcrest/hamcrest/2.2/hamcrest-2.2.jar:/home/lokeshnelapati12/.m2/repository/org/junit/jupiter/junit-jupiter/5.9.3/junit-jupiter-5.9.3.jar:/home/lokeshnelapati12/.m2/repository/org/junit/jupiter/junit-jupiter-api/5.9.3/junit-jupiter-api-5.9.3.jar:/home/lokeshnelapati12/.m2/repository/org/opentest4j/opentest4j/1.2.0/opentest4j-1.2.0.jar:/home/lokeshnelapati12/.m2/repository/org/junit/platform/junit-platform-commons/1.9.3/junit-platform-commons-1.9.3.jar:/home/lokeshnelapati12/.m2/repository/org/apiguardian/apiguardian-api/1.1.2/apiguardian-api-1.1.2.jar:/home/lokeshnelapati12/.m2/repository/org/junit/jupiter/junit-jupiter-params/5.9.3/junit-jupiter-params-5.9.3.jar:/home/lokeshnelapati12/.m2/repository/org/junit/jupiter/junit-jupiter-engine/5.9.3/junit-jupiter-engine-5.9.3.jar:/home/lokeshnelapati12/.m2/repository/org/junit/platform/junit-platform-engine/1.9.3/junit-platform-engine-1.9.3.jar:/home/lokeshnelapati12/.m2/repository/org/mockito/mockito-core/5.3.1/mockito-core-5.3.1.jar:/home/lokeshnelapati12/.m2/repository/net/bytebuddy/byte-buddy-agent/1.14.5/byte-buddy-agent-1.14.5.jar:/home/lokeshnelapati12/.m2/repository/org/objenesis/objenesis/3.3/objenesis-3.3.jar:/home/lokeshnelapati12/.m2/repository/org/mockito/mockito-junit-jupiter/5.3.1/mockito-junit-jupiter-5.3.1.jar:/home/lokeshnelapati12/.m2/repository/org/skyscreamer/jsonassert/1.5.1/jsonassert-1.5.1.jar:/home/lokeshnelapati12/.m2/repository/com/vaadin/external/google/android-json/0.0.20131108.vaadin1/android-json-0.0.20131108.vaadin1.jar:/home/lokeshnelapati12/.m2/repository/org/springframework/spring-core/6.0.11/spring-core-6.0.11.jar:/home/lokeshnelapati12/.m2/repository/org/springframework/spring-jcl/6.0.11/spring-jcl-6.0.11.jar:/home/lokeshnelapati12/.m2/repository/org/springframework/spring-test/6.0.11/spring-test-6.0.11.jar:/home/lokeshnelapati12/.m2/repository/org/xmlunit/xmlunit-core/2.9.1/xmlunit-core-2.9.1.jar:/home/lokeshnelapati12/.m2/repository/javax/persistence/javax.persistence-api/2.2/javax.persistence-api-2.2.jar:/home/lokeshnelapati12/.m2/repository/com/google/cloud/sql/mysql-socket-factory-connector-j-8/1.13.1/mysql-socket-factory-connector-j-8-1.13.1.jar:/home/lokeshnelapati12/.m2/repository/com/google/cloud/sql/jdbc-socket-factory-core/1.13.1/jdbc-socket-factory-core-1.13.1.jar:/home/lokeshnelapati12/.m2/repository/dev/failsafe/failsafe/3.3.2/failsafe-3.3.2.jar:/home/lokeshnelapati12/.m2/repository/com/github/jnr/jnr-unixsocket/0.38.20/jnr-unixsocket-0.38.20.jar:/home/lokeshnelapati12/.m2/repository/com/github/jnr/jnr-ffi/2.2.14/jnr-ffi-2.2.14.jar:/home/lokeshnelapati12/.m2/repository/com/github/jnr/jffi/1.3.11/jffi-1.3.11.jar:/home/lokeshnelapati12/.m2/repository/com/github/jnr/jffi/1.3.11/jffi-1.3.11-native.jar:/home/lokeshnelapati12/.m2/repository/org/ow2/asm/asm-commons/9.2/asm-commons-9.2.jar:/home/lokeshnelapati12/.m2/repository/com/github/jnr/jnr-a64asm/1.0.0/jnr-a64asm-1.0.0.jar:/home/lokeshnelapati12/.m2/repository/com/github/jnr/jnr-x86asm/1.0.2/jnr-x86asm-1.0.2.jar:/home/lokeshnelapati12/.m2/repository/com/github/jnr/jnr-constants/0.10.4/jnr-constants-0.10.4.jar:/home/lokeshnelapati12/.m2/repository/com/github/jnr/jnr-enxio/0.32.15/jnr-enxio-0.32.15.jar:/home/lokeshnelapati12/.m2/repository/com/github/jnr/jnr-posix/3.1.17/jnr-posix-3.1.17.jar:/home/lokeshnelapati12/.m2/repository/org/ow2/asm/asm-util/9.5/asm-util-9.5.jar:/home/lokeshnelapati12/.m2/repository/org/ow2/asm/asm-tree/9.5/asm-tree-9.5.jar:/home/lokeshnelapati12/.m2/repository/org/ow2/asm/asm-analysis/9.5/asm-analysis-9.5.jar:/home/lokeshnelapati12/.m2/repository/com/google/http-client/google-http-client/1.43.3/google-http-client-1.43.3.jar:/home/lokeshnelapati12/.m2/repository/org/apache/httpcomponents/httpclient/4.5.14/httpclient-4.5.14.jar:/home/lokeshnelapati12/.m2/repository/commons-logging/commons-logging/1.2/commons-logging-1.2.jar:/home/lokeshnelapati12/.m2/repository/org/apache/httpcomponents/httpcore/4.4.16/httpcore-4.4.16.jar:/home/lokeshnelapati12/.m2/repository/io/opencensus/opencensus-api/0.31.1/opencensus-api-0.31.1.jar:/home/lokeshnelapati12/.m2/repository/io/grpc/grpc-context/1.27.2/grpc-context-1.27.2.jar:/home/lokeshnelapati12/.m2/repository/io/opencensus/opencensus-contrib-http-util/0.31.1/opencensus-contrib-http-util-0.31.1.jar:/home/lokeshnelapati12/.m2/repository/com/google/errorprone/error_prone_annotations/2.16/error_prone_annotations-2.16.jar:/home/lokeshnelapati12/.m2/repository/com/google/http-client/google-http-client-gson/1.43.3/google-http-client-gson-1.43.3.jar:/home/lokeshnelapati12/.m2/repository/com/google/code/gson/gson/2.10.1/gson-2.10.1.jar:/home/lokeshnelapati12/.m2/repository/com/google/api-client/google-api-client/2.2.0/google-api-client-2.2.0.jar:/home/lokeshnelapati12/.m2/repository/commons-codec/commons-codec/1.15/commons-codec-1.15.jar:/home/lokeshnelapati12/.m2/repository/com/google/http-client/google-http-client-apache-v2/1.42.3/google-http-client-apache-v2-1.42.3.jar:/home/lokeshnelapati12/.m2/repository/com/google/apis/google-api-services-sqladmin/v1beta4-rev20230607-2.0.0/google-api-services-sqladmin-v1beta4-rev20230607-2.0.0.jar:/home/lokeshnelapati12/.m2/repository/com/google/auth/google-auth-library-credentials/1.19.0/google-auth-library-credentials-1.19.0.jar:/home/lokeshnelapati12/.m2/repository/com/google/auth/google-auth-library-oauth2-http/1.19.0/google-auth-library-oauth2-http-1.19.0.jar:/home/lokeshnelapati12/.m2/repository/com/google/auto/value/auto-value-annotations/1.10.1/auto-value-annotations-1.10.1.jar:/home/lokeshnelapati12/.m2/repository/com/google/oauth-client/google-oauth-client/1.34.1/google-oauth-client-1.34.1.jar:/home/lokeshnelapati12/.m2/repository/com/google/api/gax/2.31.0/gax-2.31.0.jar:/home/lokeshnelapati12/.m2/repository/com/google/guava/guava/32.1.1-android/guava-32.1.1-android.jar:/home/lokeshnelapati12/.m2/repository/com/google/guava/failureaccess/1.0.1/failureaccess-1.0.1.jar:/home/lokeshnelapati12/.m2/repository/com/google/guava/listenablefuture/9999.0-empty-to-avoid-conflict-with-guava/listenablefuture-9999.0-empty-to-avoid-conflict-with-guava.jar:/home/lokeshnelapati12/.m2/repository/com/google/code/findbugs/jsr305/3.0.2/jsr305-3.0.2.jar:/home/lokeshnelapati12/.m2/repository/org/checkerframework/checker-qual/3.33.0/checker-qual-3.33.0.jar:/home/lokeshnelapati12/.m2/repository/com/google/j2objc/j2objc-annotations/2.8/j2objc-annotations-2.8.jar:/home/lokeshnelapati12/.m2/repository/com/mysql/mysql-connector-j/8.0.33/mysql-connector-j-8.0.33.jar:/home/lokeshnelapati12/.m2/repository/com/zaxxer/HikariCP/5.0.1/HikariCP-5.0.1.jar:/home/lokeshnelapati12/.m2/repository/org/slf4j/slf4j-api/2.0.7/slf4j-api-2.0.7.jar:"/>
    <property name="java.vm.vendor" value="Debian"/>
    <property name="sun.arch.data.model" value="64"/>
    <property name="java.vendor.url" value="https://tracker.debian.org/openjdk-17"/>
    <property name="user.timezone" value="Etc/UTC"/>
    <property name="os.name" value="Linux"/>
    <property name="java.vm.specification.version" value="17"/>
    <property name="sun.java.launcher" value="SUN_STANDARD"/>
    <property name="user.country" value="US"/>
    <property name="sun.boot.library.path" value="/usr/lib/jvm/java-17-openjdk-amd64/lib"/>
    <property name="sun.java.command" value="/home/lokeshnelapati12/UserSystem/usersystem/target/surefire/surefirebooter-20230727133213436_3.jar /home/lokeshnelapati12/UserSystem/usersystem/target/surefire 2023-07-27T13-32-13_323-jvmRun1 surefire-20230727133213436_1tmp surefire_0-20230727133213436_2tmp"/>
    <property name="jdk.debug" value="release"/>
    <property name="surefire.test.class.path" value="/home/lokeshnelapati12/UserSystem/usersystem/target/test-classes:/home/lokeshnelapati12/UserSystem/usersystem/target/classes:/home/lokeshnelapati12/.m2/repository/org/springframework/boot/spring-boot-starter-actuator/3.1.2/spring-boot-starter-actuator-3.1.2.jar:/home/lokeshnelapati12/.m2/repository/org/springframework/boot/spring-boot-starter/3.1.2/spring-boot-starter-3.1.2.jar:/home/lokeshnelapati12/.m2/repository/org/springframework/boot/spring-boot/3.1.2/spring-boot-3.1.2.jar:/home/lokeshnelapati12/.m2/repository/org/springframework/boot/spring-boot-autoconfigure/3.1.2/spring-boot-autoconfigure-3.1.2.jar:/home/lokeshnelapati12/.m2/repository/org/springframework/boot/spring-boot-starter-logging/3.1.2/spring-boot-starter-logging-3.1.2.jar:/home/lokeshnelapati12/.m2/repository/ch/qos/logback/logback-classic/1.4.8/logback-classic-1.4.8.jar:/home/lokeshnelapati12/.m2/repository/ch/qos/logback/logback-core/1.4.8/logback-core-1.4.8.jar:/home/lokeshnelapati12/.m2/repository/org/apache/logging/log4j/log4j-to-slf4j/2.20.0/log4j-to-slf4j-2.20.0.jar:/home/lokeshnelapati12/.m2/repository/org/apache/logging/log4j/log4j-api/2.20.0/log4j-api-2.20.0.jar:/home/lokeshnelapati12/.m2/repository/org/slf4j/jul-to-slf4j/2.0.7/jul-to-slf4j-2.0.7.jar:/home/lokeshnelapati12/.m2/repository/jakarta/annotation/jakarta.annotation-api/2.1.1/jakarta.annotation-api-2.1.1.jar:/home/lokeshnelapati12/.m2/repository/org/yaml/snakeyaml/1.33/snakeyaml-1.33.jar:/home/lokeshnelapati12/.m2/repository/org/springframework/boot/spring-boot-actuator-autoconfigure/3.1.2/spring-boot-actuator-autoconfigure-3.1.2.jar:/home/lokeshnelapati12/.m2/repository/org/springframework/boot/spring-boot-actuator/3.1.2/spring-boot-actuator-3.1.2.jar:/home/lokeshnelapati12/.m2/repository/com/fasterxml/jackson/core/jackson-databind/2.15.2/jackson-databind-2.15.2.jar:/home/lokeshnelapati12/.m2/repository/com/fasterxml/jackson/core/jackson-annotations/2.15.2/jackson-annotations-2.15.2.jar:/home/lokeshnelapati12/.m2/repository/com/fasterxml/jackson/core/jackson-core/2.15.2/jackson-core-2.15.2.jar:/home/lokeshnelapati12/.m2/repository/com/fasterxml/jackson/datatype/jackson-datatype-jsr310/2.15.2/jackson-datatype-jsr310-2.15.2.jar:/home/lokeshnelapati12/.m2/repository/io/micrometer/micrometer-observation/1.11.2/micrometer-observation-1.11.2.jar:/home/lokeshnelapati12/.m2/repository/io/micrometer/micrometer-commons/1.11.2/micrometer-commons-1.11.2.jar:/home/lokeshnelapati12/.m2/repository/io/micrometer/micrometer-core/1.11.2/micrometer-core-1.11.2.jar:/home/lokeshnelapati12/.m2/repository/org/hdrhistogram/HdrHistogram/2.1.12/HdrHistogram-2.1.12.jar:/home/lokeshnelapati12/.m2/repository/org/latencyutils/LatencyUtils/2.0.3/LatencyUtils-2.0.3.jar:/home/lokeshnelapati12/.m2/repository/org/springframework/boot/spring-boot-starter-web/3.1.2/spring-boot-starter-web-3.1.2.jar:/home/lokeshnelapati12/.m2/repository/org/springframework/boot/spring-boot-starter-json/3.1.2/spring-boot-starter-json-3.1.2.jar:/home/lokeshnelapati12/.m2/repository/com/fasterxml/jackson/datatype/jackson-datatype-jdk8/2.15.2/jackson-datatype-jdk8-2.15.2.jar:/home/lokeshnelapati12/.m2/repository/com/fasterxml/jackson/module/jackson-module-parameter-names/2.15.2/jackson-module-parameter-names-2.15.2.jar:/home/lokeshnelapati12/.m2/repository/org/springframework/boot/spring-boot-starter-tomcat/3.1.2/spring-boot-starter-tomcat-3.1.2.jar:/home/lokeshnelapati12/.m2/repository/org/apache/tomcat/embed/tomcat-embed-core/10.1.11/tomcat-embed-core-10.1.11.jar:/home/lokeshnelapati12/.m2/repository/org/apache/tomcat/embed/tomcat-embed-el/10.1.11/tomcat-embed-el-10.1.11.jar:/home/lokeshnelapati12/.m2/repository/org/apache/tomcat/embed/tomcat-embed-websocket/10.1.11/tomcat-embed-websocket-10.1.11.jar:/home/lokeshnelapati12/.m2/repository/org/springframework/spring-web/6.0.11/spring-web-6.0.11.jar:/home/lokeshnelapati12/.m2/repository/org/springframework/spring-beans/6.0.11/spring-beans-6.0.11.jar:/home/lokeshnelapati12/.m2/repository/org/springframework/spring-webmvc/6.0.11/spring-webmvc-6.0.11.jar:/home/lokeshnelapati12/.m2/repository/org/springframework/spring-aop/6.0.11/spring-aop-6.0.11.jar:/home/lokeshnelapati12/.m2/repository/org/springframework/spring-context/6.0.11/spring-context-6.0.11.jar:/home/lokeshnelapati12/.m2/repository/org/springframework/spring-expression/6.0.11/spring-expression-6.0.11.jar:/home/lokeshnelapati12/.m2/repository/org/springframework/boot/spring-boot-starter-test/3.1.2/spring-boot-starter-test-3.1.2.jar:/home/lokeshnelapati12/.m2/repository/org/springframework/boot/spring-boot-test/3.1.2/spring-boot-test-3.1.2.jar:/home/lokeshnelapati12/.m2/repository/org/springframework/boot/spring-boot-test-autoconfigure/3.1.2/spring-boot-test-autoconfigure-3.1.2.jar:/home/lokeshnelapati12/.m2/repository/com/jayway/jsonpath/json-path/2.8.0/json-path-2.8.0.jar:/home/lokeshnelapati12/.m2/repository/jakarta/xml/bind/jakarta.xml.bind-api/4.0.0/jakarta.xml.bind-api-4.0.0.jar:/home/lokeshnelapati12/.m2/repository/jakarta/activation/jakarta.activation-api/2.1.2/jakarta.activation-api-2.1.2.jar:/home/lokeshnelapati12/.m2/repository/net/minidev/json-smart/2.4.11/json-smart-2.4.11.jar:/home/lokeshnelapati12/.m2/repository/net/minidev/accessors-smart/2.4.11/accessors-smart-2.4.11.jar:/home/lokeshnelapati12/.m2/repository/org/ow2/asm/asm/9.3/asm-9.3.jar:/home/lokeshnelapati12/.m2/repository/org/assertj/assertj-core/3.24.2/assertj-core-3.24.2.jar:/home/lokeshnelapati12/.m2/repository/net/bytebuddy/byte-buddy/1.14.5/byte-buddy-1.14.5.jar:/home/lokeshnelapati12/.m2/repository/org/hamcrest/hamcrest/2.2/hamcrest-2.2.jar:/home/lokeshnelapati12/.m2/repository/org/junit/jupiter/junit-jupiter/5.9.3/junit-jupiter-5.9.3.jar:/home/lokeshnelapati12/.m2/repository/org/junit/jupiter/junit-jupiter-api/5.9.3/junit-jupiter-api-5.9.3.jar:/home/lokeshnelapati12/.m2/repository/org/opentest4j/opentest4j/1.2.0/opentest4j-1.2.0.jar:/home/lokeshnelapati12/.m2/repository/org/junit/platform/junit-platform-commons/1.9.3/junit-platform-commons-1.9.3.jar:/home/lokeshnelapati12/.m2/repository/org/apiguardian/apiguardian-api/1.1.2/apiguardian-api-1.1.2.jar:/home/lokeshnelapati12/.m2/repository/org/junit/jupiter/junit-jupiter-params/5.9.3/junit-jupiter-params-5.9.3.jar:/home/lokeshnelapati12/.m2/repository/org/junit/jupiter/junit-jupiter-engine/5.9.3/junit-jupiter-engine-5.9.3.jar:/home/lokeshnelapati12/.m2/repository/org/junit/platform/junit-platform-engine/1.9.3/junit-platform-engine-1.9.3.jar:/home/lokeshnelapati12/.m2/repository/org/mockito/mockito-core/5.3.1/mockito-core-5.3.1.jar:/home/lokeshnelapati12/.m2/repository/net/bytebuddy/byte-buddy-agent/1.14.5/byte-buddy-agent-1.14.5.jar:/home/lokeshnelapati12/.m2/repository/org/objenesis/objenesis/3.3/objenesis-3.3.jar:/home/lokeshnelapati12/.m2/repository/org/mockito/mockito-junit-jupiter/5.3.1/mockito-junit-jupiter-5.3.1.jar:/home/lokeshnelapati12/.m2/repository/org/skyscreamer/jsonassert/1.5.1/jsonassert-1.5.1.jar:/home/lokeshnelapati12/.m2/repository/com/vaadin/external/google/android-json/0.0.20131108.vaadin1/android-json-0.0.20131108.vaadin1.jar:/home/lokeshnelapati12/.m2/repository/org/springframework/spring-core/6.0.11/spring-core-6.0.11.jar:/home/lokeshnelapati12/.m2/repository/org/springframework/spring-jcl/6.0.11/spring-jcl-6.0.11.jar:/home/lokeshnelapati12/.m2/repository/org/springframework/spring-test/6.0.11/spring-test-6.0.11.jar:/home/lokeshnelapati12/.m2/repository/org/xmlunit/xmlunit-core/2.9.1/xmlunit-core-2.9.1.jar:/home/lokeshnelapati12/.m2/repository/javax/persistence/javax.persistence-api/2.2/javax.persistence-api-2.2.jar:/home/lokeshnelapati12/.m2/repository/com/google/cloud/sql/mysql-socket-factory-connector-j-8/1.13.1/mysql-socket-factory-connector-j-8-1.13.1.jar:/home/lokeshnelapati12/.m2/repository/com/google/cloud/sql/jdbc-socket-factory-core/1.13.1/jdbc-socket-factory-core-1.13.1.jar:/home/lokeshnelapati12/.m2/repository/dev/failsafe/failsafe/3.3.2/failsafe-3.3.2.jar:/home/lokeshnelapati12/.m2/repository/com/github/jnr/jnr-unixsocket/0.38.20/jnr-unixsocket-0.38.20.jar:/home/lokeshnelapati12/.m2/repository/com/github/jnr/jnr-ffi/2.2.14/jnr-ffi-2.2.14.jar:/home/lokeshnelapati12/.m2/repository/com/github/jnr/jffi/1.3.11/jffi-1.3.11.jar:/home/lokeshnelapati12/.m2/repository/com/github/jnr/jffi/1.3.11/jffi-1.3.11-native.jar:/home/lokeshnelapati12/.m2/repository/org/ow2/asm/asm-commons/9.2/asm-commons-9.2.jar:/home/lokeshnelapati12/.m2/repository/com/github/jnr/jnr-a64asm/1.0.0/jnr-a64asm-1.0.0.jar:/home/lokeshnelapati12/.m2/repository/com/github/jnr/jnr-x86asm/1.0.2/jnr-x86asm-1.0.2.jar:/home/lokeshnelapati12/.m2/repository/com/github/jnr/jnr-constants/0.10.4/jnr-constants-0.10.4.jar:/home/lokeshnelapati12/.m2/repository/com/github/jnr/jnr-enxio/0.32.15/jnr-enxio-0.32.15.jar:/home/lokeshnelapati12/.m2/repository/com/github/jnr/jnr-posix/3.1.17/jnr-posix-3.1.17.jar:/home/lokeshnelapati12/.m2/repository/org/ow2/asm/asm-util/9.5/asm-util-9.5.jar:/home/lokeshnelapati12/.m2/repository/org/ow2/asm/asm-tree/9.5/asm-tree-9.5.jar:/home/lokeshnelapati12/.m2/repository/org/ow2/asm/asm-analysis/9.5/asm-analysis-9.5.jar:/home/lokeshnelapati12/.m2/repository/com/google/http-client/google-http-client/1.43.3/google-http-client-1.43.3.jar:/home/lokeshnelapati12/.m2/repository/org/apache/httpcomponents/httpclient/4.5.14/httpclient-4.5.14.jar:/home/lokeshnelapati12/.m2/repository/commons-logging/commons-logging/1.2/commons-logging-1.2.jar:/home/lokeshnelapati12/.m2/repository/org/apache/httpcomponents/httpcore/4.4.16/httpcore-4.4.16.jar:/home/lokeshnelapati12/.m2/repository/io/opencensus/opencensus-api/0.31.1/opencensus-api-0.31.1.jar:/home/lokeshnelapati12/.m2/repository/io/grpc/grpc-context/1.27.2/grpc-context-1.27.2.jar:/home/lokeshnelapati12/.m2/repository/io/opencensus/opencensus-contrib-http-util/0.31.1/opencensus-contrib-http-util-0.31.1.jar:/home/lokeshnelapati12/.m2/repository/com/google/errorprone/error_prone_annotations/2.16/error_prone_annotations-2.16.jar:/home/lokeshnelapati12/.m2/repository/com/google/http-client/google-http-client-gson/1.43.3/google-http-client-gson-1.43.3.jar:/home/lokeshnelapati12/.m2/repository/com/google/code/gson/gson/2.10.1/gson-2.10.1.jar:/home/lokeshnelapati12/.m2/repository/com/google/api-client/google-api-client/2.2.0/google-api-client-2.2.0.jar:/home/lokeshnelapati12/.m2/repository/commons-codec/commons-codec/1.15/commons-codec-1.15.jar:/home/lokeshnelapati12/.m2/repository/com/google/http-client/google-http-client-apache-v2/1.42.3/google-http-client-apache-v2-1.42.3.jar:/home/lokeshnelapati12/.m2/repository/com/google/apis/google-api-services-sqladmin/v1beta4-rev20230607-2.0.0/google-api-services-sqladmin-v1beta4-rev20230607-2.0.0.jar:/home/lokeshnelapati12/.m2/repository/com/google/auth/google-auth-library-credentials/1.19.0/google-auth-library-credentials-1.19.0.jar:/home/lokeshnelapati12/.m2/repository/com/google/auth/google-auth-library-oauth2-http/1.19.0/google-auth-library-oauth2-http-1.19.0.jar:/home/lokeshnelapati12/.m2/repository/com/google/auto/value/auto-value-annotations/1.10.1/auto-value-annotations-1.10.1.jar:/home/lokeshnelapati12/.m2/repository/com/google/oauth-client/google-oauth-client/1.34.1/google-oauth-client-1.34.1.jar:/home/lokeshnelapati12/.m2/repository/com/google/api/gax/2.31.0/gax-2.31.0.jar:/home/lokeshnelapati12/.m2/repository/com/google/guava/guava/32.1.1-android/guava-32.1.1-android.jar:/home/lokeshnelapati12/.m2/repository/com/google/guava/failureaccess/1.0.1/failureaccess-1.0.1.jar:/home/lokeshnelapati12/.m2/repository/com/google/guava/listenablefuture/9999.0-empty-to-avoid-conflict-with-guava/listenablefuture-9999.0-empty-to-avoid-conflict-with-guava.jar:/home/lokeshnelapati12/.m2/repository/com/google/code/findbugs/jsr305/3.0.2/jsr305-3.0.2.jar:/home/lokeshnelapati12/.m2/repository/org/checkerframework/checker-qual/3.33.0/checker-qual-3.33.0.jar:/home/lokeshnelapati12/.m2/repository/com/google/j2objc/j2objc-annotations/2.8/j2objc-annotations-2.8.jar:/home/lokeshnelapati12/.m2/repository/com/mysql/mysql-connector-j/8.0.33/mysql-connector-j-8.0.33.jar:/home/lokeshnelapati12/.m2/repository/com/zaxxer/HikariCP/5.0.1/HikariCP-5.0.1.jar:/home/lokeshnelapati12/.m2/repository/org/slf4j/slf4j-api/2.0.7/slf4j-api-2.0.7.jar:"/>
    <property name="sun.cpu.endian" value="little"/>
    <property name="user.home" value="/home/lokeshnelapati12"/>
    <property name="user.language" value="en"/>
    <property name="java.specification.vendor" value="Oracle Corporation"/>
    <property name="java.version.date" value="2023-04-18"/>
    <property name="java.home" value="/usr/lib/jvm/java-17-openjdk-amd64"/>
    <property name="file.separator" value="/"/>
    <property name="basedir" value="/home/lokeshnelapati12/UserSystem/usersystem"/>
    <property name="java.vm.compressedOopsMode" value="Zero based"/>
    <property name="line.separator" value="&#10;"/>
    <property name="java.specification.name" value="Java Platform API Specification"/>
    <property name="java.vm.specification.vendor" value="Oracle Corporation"/>
    <property name="FILE_LOG_CHARSET" value="UTF-8"/>
    <property name="java.awt.headless" value="true"/>
    <property name="surefire.real.class.path" value="/home/lokeshnelapati12/UserSystem/usersystem/target/surefire/surefirebooter-20230727133213436_3.jar"/>
    <property name="sun.management.compiler" value="HotSpot 64-Bit Tiered Compilers"/>
    <property name="java.runtime.version" value="17.0.7+7-Debian-1deb11u1"/>
    <property name="user.name" value="lokeshnelapati12"/>
    <property name="path.separator" value=":"/>
    <property name="os.version" value="5.15.107+"/>
    <property name="java.runtime.name" value="OpenJDK Runtime Environment"/>
    <property name="file.encoding" value="UTF-8"/>
    <property name="java.vm.name" value="OpenJDK 64-Bit Server VM"/>
    <property name="localRepository" value="/home/lokeshnelapati12/.m2/repository"/>
    <property name="java.vendor.url.bug" value="https://bugs.debian.org/openjdk-17"/>
    <property name="java.io.tmpdir" value="/tmp"/>
    <property name="com.zaxxer.hikari.pool_number" value="2"/>
    <property name="java.version" value="17.0.7"/>
    <property name="user.dir" value="/home/lokeshnelapati12/UserSystem/usersystem"/>
    <property name="os.arch" value="amd64"/>
    <property name="java.vm.specification.name" value="Java Virtual Machine Specification"/>
    <property name="PID" value="3488"/>
    <property name="CONSOLE_LOG_CHARSET" value="UTF-8"/>
    <property name="native.encoding" value="UTF-8"/>
    <property name="java.library.path" value="/usr/java/packages/lib:/usr/lib/x86_64-linux-gnu/jni:/lib/x86_64-linux-gnu:/usr/lib/x86_64-linux-gnu:/usr/lib/jni:/lib:/usr/lib"/>
    <property name="java.vm.info" value="mixed mode, sharing"/>
    <property name="java.vendor" value="Debian"/>
    <property name="java.vm.version" value="17.0.7+7-Debian-1deb11u1"/>
    <property name="sun.io.unicode.encoding" value="UnicodeLittle"/>
    <property name="java.class.version" value="61.0"/>
  </properties>
  <testcase name="contextLoads" classname="com.googledrive.usersystem.UsersystemApplicationTests" time="1.103">
    <system-out><![CDATA[13:32:14.632 [main] INFO org.springframework.test.context.support.AnnotationConfigContextLoaderUtils -- Could not detect default configuration classes for test class [com.googledrive.usersystem.UsersystemApplicationTests]: UsersystemApplicationTests does not declare any static, non-private, non-final, nested classes annotated with @Configuration.
13:32:14.790 [main] INFO org.springframework.boot.test.context.SpringBootTestContextBootstrapper -- Found @SpringBootConfiguration com.googledrive.usersystem.UsersystemApplication for test class com.googledrive.usersystem.UsersystemApplicationTests

  .   ____          _            __ _ _
 /\\ / ___'_ __ _ _(_)_ __  __ _ \ \ \ \
( ( )\___ | '_ | '_| | '_ \/ _` | \ \ \ \
 \\/  ___)| |_)| | | | | || (_| |  ) ) ) )
  '  |____| .__|_| |_|_| |_\__, | / / / /
 =========|_|==============|___/=/_/_/_/
 :: Spring Boot ::                (v3.1.2)

2023-07-27T13:32:15.415Z  INFO 3488 --- [           main] c.g.u.UsersystemApplicationTests         : Starting UsersystemApplicationTests using Java 17.0.7 with PID 3488 (started by lokeshnelapati12 in /home/lokeshnelapati12/UserSystem/usersystem)
2023-07-27T13:32:15.419Z  INFO 3488 --- [           main] c.g.u.UsersystemApplicationTests         : No active profile set, falling back to 1 default profile: "default"
2023-07-27T13:32:16.945Z  INFO 3488 --- [           main] com.zaxxer.hikari.HikariDataSource       : HikariPool-1 - Starting...
2023-07-27T13:32:17.107Z  INFO 3488 --- [           main] c.g.cloud.sql.core.CoreSocketFactory     : First Cloud SQL connection, generating RSA key pair.
2023-07-27T13:32:19.805Z  INFO 3488 --- [           main] com.zaxxer.hikari.pool.HikariPool        : HikariPool-1 - Added connection com.mysql.cj.jdbc.ConnectionImpl@1150d471
2023-07-27T13:32:19.809Z  INFO 3488 --- [           main] com.zaxxer.hikari.HikariDataSource       : HikariPool-1 - Start completed.
2023-07-27T13:32:19.846Z  INFO 3488 --- [           main] com.zaxxer.hikari.HikariDataSource       : HikariPool-2 - Starting...
2023-07-27T13:32:20.493Z  INFO 3488 --- [           main] com.zaxxer.hikari.pool.HikariPool        : HikariPool-2 - Added connection com.mysql.cj.jdbc.ConnectionImpl@abad89c
2023-07-27T13:32:20.494Z  INFO 3488 --- [           main] com.zaxxer.hikari.HikariDataSource       : HikariPool-2 - Start completed.
2023-07-27T13:32:21.675Z  INFO 3488 --- [           main] o.s.b.t.m.w.SpringBootMockServletContext : Initializing Spring TestDispatcherServlet ''
2023-07-27T13:32:21.676Z  INFO 3488 --- [           main] o.s.t.web.servlet.TestDispatcherServlet  : Initializing Servlet ''
2023-07-27T13:32:21.690Z  INFO 3488 --- [           main] o.s.b.a.e.web.EndpointLinksResolver      : Exposing 1 endpoint(s) beneath base path '/actuator'
2023-07-27T13:32:21.714Z  INFO 3488 --- [           main] o.s.t.web.servlet.TestDispatcherServlet  : Completed initialization in 35 ms
2023-07-27T13:32:21.837Z  INFO 3488 --- [           main] c.g.u.UsersystemApplicationTests         : Started UsersystemApplicationTests in 6.828 seconds (process running for 8.305)
]]></system-out>
  </testcase>
</testsuite>